This is pdfTeX, Version 3.1415926-1.40.11 (TeX Live 2010/MacPorts 2010_0) (format=pdflatex 2010.11.10)  16 APR 2011 01:57
entering extended mode
 \write18 enabled.
 %&-line parsing enabled.
**python-introduction-slides.tex
(./python-introduction-slides.tex
LaTeX2e <2009/09/24>
Babel <v3.8l> and hyphenation patterns for english, dumylang, nohyphenation, lo
aded.
(/opt/local/share/texmf-texlive-dist/tex/latex/beamer/beamer.cls
(/opt/local/share/texmf-texlive-dist/tex/latex/beamer/beamerbasercs.sty
Package: beamerbasercs 2010/06/12 (rcs-revision c3821710bb40)
)
Document Class: beamer 2010/06/21 development version 3.10 A class for typesett
ing presentations (rcs-revision a6b1a8434d30)
(/opt/local/share/texmf-texlive-dist/tex/latex/beamer/beamerbasemodes.sty
Package: beamerbasemodes 2010/05/01 (rcs-revision efa082c6111d)
\beamer@tempbox=\box26
\beamer@tempcount=\count79
\c@beamerpauses=\count80

(/opt/local/share/texmf-texlive-dist/tex/latex/beamer/beamerbasedecode.sty
Package: beamerbasedecode 2010/05/01 (rcs-revision efa082c6111d)
\beamer@slideinframe=\count81
\beamer@minimum=\count82
)
\beamer@commentbox=\box27
\beamer@modecount=\count83
)
\headheight=\dimen102
\headdp=\dimen103
\footheight=\dimen104
\sidebarheight=\dimen105
\beamer@tempdim=\dimen106
\beamer@finalheight=\dimen107
\beamer@animht=\dimen108
\beamer@animdp=\dimen109
\beamer@animwd=\dimen110
\beamer@leftmargin=\dimen111
\beamer@rightmargin=\dimen112
\beamer@leftsidebar=\dimen113
\beamer@rightsidebar=\dimen114
\beamer@boxsize=\dimen115
\beamer@vboxoffset=\dimen116
\beamer@descdefault=\dimen117
\beamer@descriptionwidth=\dimen118
\beamer@lastskip=\skip41
\beamer@areabox=\box28
\beamer@animcurrent=\box29
\beamer@animshowbox=\box30
\beamer@sectionbox=\box31
\beamer@logobox=\box32
\beamer@linebox=\box33
\beamer@sectioncount=\count84
\beamer@subsubsectionmax=\count85
\beamer@subsectionmax=\count86
\beamer@sectionmax=\count87
\beamer@totalheads=\count88
\beamer@headcounter=\count89
\beamer@partstartpage=\count90
\beamer@sectionstartpage=\count91
\beamer@subsectionstartpage=\count92
\beamer@animationtempa=\count93
\beamer@animationtempb=\count94
\beamer@xpos=\count95
\beamer@ypos=\count96
\beamer@showpartnumber=\count97
\beamer@currentsubsection=\count98
\beamer@coveringdepth=\count99
\beamer@sectionadjust=\count100
\beamer@tocsectionnumber=\count101

(/opt/local/share/texmf-texlive-dist/tex/latex/beamer/beamerbaseoptions.sty
Package: beamerbaseoptions 2010/04/27 (rcs-revision 982469101dd6)

(/opt/local/share/texmf-texlive-dist/tex/latex/graphics/keyval.sty
Package: keyval 1999/03/16 v1.13 key=value parser (DPC)
\KV@toks@=\toks14
))
\beamer@paperwidth=\skip42
\beamer@paperheight=\skip43

(/opt/local/share/texmf-texlive-dist/tex/latex/geometry/geometry.sty
Package: geometry 2010/07/13 v5.5 Page Geometry

(/opt/local/share/texmf-texlive-dist/tex/generic/oberdiek/ifpdf.sty
Package: ifpdf 2010/01/28 v2.1 Provides the ifpdf switch (HO)
Package ifpdf Info: pdfTeX in pdf mode detected.
)
(/opt/local/share/texmf-texlive-dist/tex/generic/oberdiek/ifvtex.sty
Package: ifvtex 2010/03/01 v1.5 Switches for detecting VTeX and its modes (HO)
Package ifvtex Info: VTeX not detected.
)
\Gm@cnth=\count102
\Gm@cntv=\count103
\c@Gm@tempcnt=\count104
\Gm@bindingoffset=\dimen119
\Gm@wd@mp=\dimen120
\Gm@odd@mp=\dimen121
\Gm@even@mp=\dimen122
\Gm@layoutwidth=\dimen123
\Gm@layoutheight=\dimen124
\Gm@layouthoffset=\dimen125
\Gm@layoutvoffset=\dimen126
\Gm@dimlist=\toks15
)
(/opt/local/share/texmf-texlive-dist/tex/latex/base/size10.clo
File: size10.clo 2007/10/19 v1.4h Standard LaTeX file (size option)
)
(/opt/local/share/texmf-local/tex/latex/pgf/basiclayer/pgfcore.sty
(/opt/local/share/texmf-texlive-dist/tex/latex/graphics/graphicx.sty
Package: graphicx 1999/02/16 v1.0f Enhanced LaTeX Graphics (DPC,SPQR)

(/opt/local/share/texmf-texlive-dist/tex/latex/graphics/graphics.sty
Package: graphics 2009/02/05 v1.0o Standard LaTeX Graphics (DPC,SPQR)

(/opt/local/share/texmf-texlive-dist/tex/latex/graphics/trig.sty
Package: trig 1999/03/16 v1.09 sin cos tan (DPC)
)
(/opt/local/share/texmf-texlive-dist/tex/latex/latexconfig/graphics.cfg
File: graphics.cfg 2010/04/23 v1.9 graphics configuration of TeX Live
)
Package graphics Info: Driver file: pdftex.def on input line 91.

(/opt/local/share/texmf-texlive-dist/tex/latex/pdftex-def/pdftex.def
File: pdftex.def 2010/02/14 v0.04n Graphics/color for pdfTeX
\Gread@gobject=\count105
))
\Gin@req@height=\dimen127
\Gin@req@width=\dimen128
)
(/opt/local/share/texmf-local/tex/latex/pgf/systemlayer/pgfsys.sty
(/opt/local/share/texmf-local/tex/latex/pgf/utilities/pgfrcs.sty
(/opt/local/share/texmf-local/tex/generic/pgf/utilities/pgfutil-common.tex
\pgfutil@everybye=\toks16
)
(/opt/local/share/texmf-local/tex/generic/pgf/utilities/pgfutil-latex.def)
(/opt/local/share/texmf-local/tex/generic/pgf/utilities/pgfrcs.code.tex
Package: pgfrcs 2008/02/20 v2.00 (rcs-revision 1.21)
))
(/opt/local/share/texmf-local/tex/generic/pgf/systemlayer/pgfsys.code.tex
Package: pgfsys 2008/02/07 v2.00 (rcs-revision 1.31)

(/opt/local/share/texmf-local/tex/generic/pgf/utilities/pgfkeys.code.tex
\pgfkeys@pathtoks=\toks17
\pgfkeys@temptoks=\toks18
)
\pgf@x=\dimen129
\pgf@y=\dimen130
\pgf@xa=\dimen131
\pgf@ya=\dimen132
\pgf@xb=\dimen133
\pgf@yb=\dimen134
\pgf@xc=\dimen135
\pgf@yc=\dimen136
\c@pgf@counta=\count106
\c@pgf@countb=\count107
\c@pgf@countc=\count108
\c@pgf@countd=\count109

(/opt/local/share/texmf-local/tex/generic/pgf/systemlayer/pgf.cfg
File: pgf.cfg 2008/01/13  (rcs-revision 1.6)
)
Package pgfsys Info: Driver file for pgf: pgfsys-pdftex.def on input line 885.

(/opt/local/share/texmf-local/tex/generic/pgf/systemlayer/pgfsys-pdftex.def
File: pgfsys-pdftex.def 2007/12/20  (rcs-revision 1.20)

(/opt/local/share/texmf-local/tex/generic/pgf/systemlayer/pgfsys-common-pdf.def
File: pgfsys-common-pdf.def 2007/12/17  (rcs-revision 1.8)
)))
(/opt/local/share/texmf-local/tex/generic/pgf/systemlayer/pgfsyssoftpath.code.t
ex
File: pgfsyssoftpath.code.tex 2008/01/23  (rcs-revision 1.6)
\pgfsyssoftpath@smallbuffer@items=\count110
\pgfsyssoftpath@bigbuffer@items=\count111
)
(/opt/local/share/texmf-local/tex/generic/pgf/systemlayer/pgfsysprotocol.code.t
ex
File: pgfsysprotocol.code.tex 2006/10/16  (rcs-revision 1.4)
)) (/opt/local/share/texmf-texlive-dist/tex/latex/xcolor/xcolor.sty
Package: xcolor 2007/01/21 v2.11 LaTeX color extensions (UK)

(/opt/local/share/texmf-texlive-dist/tex/latex/latexconfig/color.cfg
File: color.cfg 2007/01/18 v1.5 color configuration of teTeX/TeXLive
)
Package xcolor Info: Driver file: pdftex.def on input line 225.
Package xcolor Info: Model `cmy' substituted by `cmy0' on input line 1337.
Package xcolor Info: Model `hsb' substituted by `rgb' on input line 1341.
Package xcolor Info: Model `RGB' extended on input line 1353.
Package xcolor Info: Model `HTML' substituted by `rgb' on input line 1355.
Package xcolor Info: Model `Hsb' substituted by `hsb' on input line 1356.
Package xcolor Info: Model `tHsb' substituted by `hsb' on input line 1357.
Package xcolor Info: Model `HSB' substituted by `hsb' on input line 1358.
Package xcolor Info: Model `Gray' substituted by `gray' on input line 1359.
Package xcolor Info: Model `wave' substituted by `hsb' on input line 1360.
)
(/opt/local/share/texmf-local/tex/generic/pgf/basiclayer/pgfcore.code.tex
Package: pgfcore 2008/01/15 v2.00 (rcs-revision 1.6)

(/opt/local/share/texmf-local/tex/generic/pgf/math/pgfmath.code.tex
(/opt/local/share/texmf-local/tex/generic/pgf/math/pgfmathcalc.code.tex
(/opt/local/share/texmf-local/tex/generic/pgf/math/pgfmathutil.code.tex
\pgfmath@box=\box34
)
(/opt/local/share/texmf-local/tex/generic/pgf/math/pgfmathparser.code.tex
\pgfmath@stack=\toks19
\c@pgfmath@parsecounta=\count112
\c@pgfmath@parsecountb=\count113
\c@pgfmath@parsecountc=\count114
\pgfmath@parsex=\dimen137
)
(/opt/local/share/texmf-local/tex/generic/pgf/math/pgfmathoperations.code.tex
(/opt/local/share/texmf-local/tex/generic/pgf/math/pgfmathtrig.code.tex)
(/opt/local/share/texmf-local/tex/generic/pgf/math/pgfmathrnd.code.tex))
(/opt/local/share/texmf-local/tex/generic/pgf/math/pgfmathbase.code.tex)))
(/opt/local/share/texmf-local/tex/generic/pgf/basiclayer/pgfcorepoints.code.tex
File: pgfcorepoints.code.tex 2008/02/03  (rcs-revision 1.13)
\pgf@picminx=\dimen138
\pgf@picmaxx=\dimen139
\pgf@picminy=\dimen140
\pgf@picmaxy=\dimen141
\pgf@pathminx=\dimen142
\pgf@pathmaxx=\dimen143
\pgf@pathminy=\dimen144
\pgf@pathmaxy=\dimen145
\pgf@xx=\dimen146
\pgf@xy=\dimen147
\pgf@yx=\dimen148
\pgf@yy=\dimen149
\pgf@zx=\dimen150
\pgf@zy=\dimen151
)
(/opt/local/share/texmf-local/tex/generic/pgf/basiclayer/pgfcorepathconstruct.c
ode.tex
File: pgfcorepathconstruct.code.tex 2008/02/13  (rcs-revision 1.14)
\pgf@path@lastx=\dimen152
\pgf@path@lasty=\dimen153
)
(/opt/local/share/texmf-local/tex/generic/pgf/basiclayer/pgfcorepathusage.code.
tex
File: pgfcorepathusage.code.tex 2008/01/23  (rcs-revision 1.11)
\pgf@shorten@end@additional=\dimen154
\pgf@shorten@start@additional=\dimen155
)
(/opt/local/share/texmf-local/tex/generic/pgf/basiclayer/pgfcorescopes.code.tex
File: pgfcorescopes.code.tex 2008/01/15  (rcs-revision 1.26)
\pgfpic=\box35
\pgf@hbox=\box36
\pgf@layerbox@main=\box37
\pgf@picture@serial@count=\count115
)
(/opt/local/share/texmf-local/tex/generic/pgf/basiclayer/pgfcoregraphicstate.co
de.tex
File: pgfcoregraphicstate.code.tex 2007/12/12  (rcs-revision 1.8)
\pgflinewidth=\dimen156
)
(/opt/local/share/texmf-local/tex/generic/pgf/basiclayer/pgfcoretransformations
.code.tex
File: pgfcoretransformations.code.tex 2008/02/04  (rcs-revision 1.10)
\pgf@pt@x=\dimen157
\pgf@pt@y=\dimen158
\pgf@pt@temp=\dimen159
)
(/opt/local/share/texmf-local/tex/generic/pgf/basiclayer/pgfcorequick.code.tex
File: pgfcorequick.code.tex 2006/10/11  (rcs-revision 1.2)
)
(/opt/local/share/texmf-local/tex/generic/pgf/basiclayer/pgfcoreobjects.code.te
x
File: pgfcoreobjects.code.tex 2006/10/11  (rcs-revision 1.2)
)
(/opt/local/share/texmf-local/tex/generic/pgf/basiclayer/pgfcorepathprocessing.
code.tex
File: pgfcorepathprocessing.code.tex 2008/01/23  (rcs-revision 1.7)
)
(/opt/local/share/texmf-local/tex/generic/pgf/basiclayer/pgfcorearrows.code.tex
File: pgfcorearrows.code.tex 2007/06/07  (rcs-revision 1.8)
)
(/opt/local/share/texmf-local/tex/generic/pgf/basiclayer/pgfcoreshade.code.tex
File: pgfcoreshade.code.tex 2007/12/10  (rcs-revision 1.9)
\pgf@max=\dimen160
\pgf@sys@shading@range@num=\count116
) (/opt/local/share/texmf-local/tex/generic/pgf/basiclayer/pgfcoreimage.code.te
x
File: pgfcoreimage.code.tex 2008/01/15  (rcs-revision 1.1)
\pgfexternal@startupbox=\box38
)
(/opt/local/share/texmf-local/tex/generic/pgf/basiclayer/pgfcorelayers.code.tex
File: pgfcorelayers.code.tex 2008/01/15  (rcs-revision 1.1)
)
(/opt/local/share/texmf-local/tex/generic/pgf/basiclayer/pgfcoretransparency.co
de.tex
File: pgfcoretransparency.code.tex 2008/01/17  (rcs-revision 1.2)
)
(/opt/local/share/texmf-local/tex/generic/pgf/basiclayer/pgfcorepatterns.code.t
ex
File: pgfcorepatterns.code.tex 2008/01/15  (rcs-revision 1.1)
))) (/opt/local/share/texmf-local/tex/latex/pgf/utilities/xxcolor.sty
Package: xxcolor 2003/10/24 ver 0.1
\XC@nummixins=\count117
\XC@countmixins=\count118
)
(/opt/local/share/texmf-texlive-dist/tex/latex/hyperref/hyperref.sty
Package: hyperref 2010/06/18 v6.81g Hypertext links for LaTeX

(/opt/local/share/texmf-texlive-dist/tex/generic/oberdiek/ltxcmds.sty
Package: ltxcmds 2010/04/26 v1.7 LaTeX kernel commands for general use (HO)
)
(/opt/local/share/texmf-texlive-dist/tex/generic/oberdiek/kvsetkeys.sty
Package: kvsetkeys 2010/03/01 v1.9 Key value parser (HO)

(/opt/local/share/texmf-texlive-dist/tex/generic/oberdiek/infwarerr.sty
Package: infwarerr 2010/04/08 v1.3 Providing info/warning/message (HO)
)
(/opt/local/share/texmf-texlive-dist/tex/generic/oberdiek/etexcmds.sty
Package: etexcmds 2010/01/28 v1.3 Prefix for e-TeX command names (HO)
Package etexcmds Info: Could not find \expanded.
(etexcmds)             That can mean that you are not using pdfTeX 1.50 or
(etexcmds)             that some package has redefined \expanded.
(etexcmds)             In the latter case, load this package earlier.
))
(/opt/local/share/texmf-texlive-dist/tex/generic/oberdiek/pdfescape.sty
Package: pdfescape 2010/03/01 v1.9 Provides hex, PDF name and string conversion
s (HO)

(/opt/local/share/texmf-texlive-dist/tex/generic/oberdiek/pdftexcmds.sty
Package: pdftexcmds 2010/04/01 v0.9 Utility functions of pdfTeX for LuaTeX (HO)


(/opt/local/share/texmf-texlive-dist/tex/generic/oberdiek/ifluatex.sty
Package: ifluatex 2010/03/01 v1.3 Provides the ifluatex switch (HO)
Package ifluatex Info: LuaTeX not detected.
)
Package pdftexcmds Info: LuaTeX not detected.
Package pdftexcmds Info: \pdf@primitive is available.
Package pdftexcmds Info: \pdf@ifprimitive is available.
))
(/opt/local/share/texmf-texlive-dist/tex/generic/ifxetex/ifxetex.sty
Package: ifxetex 2009/01/23 v0.5 Provides ifxetex conditional
)
(/opt/local/share/texmf-texlive-dist/tex/latex/oberdiek/hycolor.sty
Package: hycolor 2009/12/12 v1.6 Color options of hyperref/bookmark (HO)

(/opt/local/share/texmf-texlive-dist/tex/latex/oberdiek/xcolor-patch.sty
Package: xcolor-patch 2009/12/12 xcolor patch
))
(/opt/local/share/texmf-texlive-dist/tex/latex/oberdiek/letltxmacro.sty
Package: letltxmacro 2008/06/24 v1.3 Let assignment for LaTeX macros (HO)
)
\@linkdim=\dimen161
\Hy@linkcounter=\count119
\Hy@pagecounter=\count120

(/opt/local/share/texmf-texlive-dist/tex/latex/hyperref/pd1enc.def
File: pd1enc.def 2010/06/18 v6.81g Hyperref: PDFDocEncoding definition (HO)
)
(/opt/local/share/texmf-texlive-dist/tex/generic/oberdiek/intcalc.sty
Package: intcalc 2007/09/27 v1.1 Expandable integer calculations (HO)
)
(/opt/local/share/texmf-texlive-dist/tex/latex/latexconfig/hyperref.cfg
File: hyperref.cfg 2002/06/06 v1.2 hyperref configuration of TeXLive
)
(/opt/local/share/texmf-texlive-dist/tex/latex/oberdiek/kvoptions.sty
Package: kvoptions 2010/02/22 v3.7 Keyval support for LaTeX options (HO)
)
Package hyperref Info: Option `bookmarks' set `true' on input line 3577.
Package hyperref Info: Option `bookmarksopen' set `true' on input line 3577.
Package hyperref Info: Option `implicit' set `false' on input line 3577.
Package hyperref Info: Hyper figures OFF on input line 3658.
Package hyperref Info: Link nesting OFF on input line 3663.
Package hyperref Info: Hyper index ON on input line 3666.
Package hyperref Info: Plain pages OFF on input line 3673.
Package hyperref Info: Backreferencing OFF on input line 3678.

Implicit mode OFF; no redefinition of LaTeX internals
Package hyperref Info: Bookmarks ON on input line 3874.
(/opt/local/share/texmf-texlive-dist/tex/latex/url/url.sty
\Urlmuskip=\muskip10
Package: url 2006/04/12  ver 3.3  Verb mode for urls, etc.
)
LaTeX Info: Redefining \url on input line 4159.

(/opt/local/share/texmf-texlive-dist/tex/generic/oberdiek/bitset.sty
Package: bitset 2007/09/28 v1.0 Data type bit set (HO)

(/opt/local/share/texmf-texlive-dist/tex/generic/oberdiek/bigintcalc.sty
Package: bigintcalc 2007/11/11 v1.1 Expandable big integer calculations (HO)
))
\Fld@menulength=\count121
\Field@Width=\dimen162
\Fld@charsize=\dimen163
\Field@toks=\toks20
Package hyperref Info: Hyper figures OFF on input line 5137.
Package hyperref Info: Link nesting OFF on input line 5142.
Package hyperref Info: Hyper index ON on input line 5145.
Package hyperref Info: backreferencing OFF on input line 5152.
Package hyperref Info: Link coloring OFF on input line 5157.
Package hyperref Info: Link coloring with OCG OFF on input line 5162.
Package hyperref Info: PDF/A mode OFF on input line 5167.
LaTeX Info: Redefining \ref on input line 5207.
LaTeX Info: Redefining \pageref on input line 5211.

(/opt/local/share/texmf-texlive-dist/tex/generic/oberdiek/atbegshi.sty
Package: atbegshi 2010/03/25 v1.12 At begin shipout hook (HO)
)
\Hy@abspage=\count122

Hyperref stopped early
)
* hyperref using default driver hpdftex *
(/opt/local/share/texmf-texlive-dist/tex/latex/hyperref/hpdftex.def
File: hpdftex.def 2010/06/18 v6.81g Hyperref driver for pdfTeX

(/opt/local/share/texmf-texlive-dist/tex/latex/oberdiek/atveryend.sty
Package: atveryend 2010/03/24 v1.5 Hooks at very end of document (HO)
Package atveryend Info: \enddocument detected (standard).
)
\Fld@listcount=\count123
\c@bookmark@seq@number=\count124

(/opt/local/share/texmf-texlive-dist/tex/latex/oberdiek/rerunfilecheck.sty
Package: rerunfilecheck 2010/03/16 v1.6 Rerun checks for auxiliary files (HO)

(/opt/local/share/texmf-texlive-dist/tex/generic/oberdiek/uniquecounter.sty
Package: uniquecounter 2009/12/18 v1.1 Provides unlimited unique counter (HO)
)
Package uniquecounter Info: New unique counter `rerunfilecheck' on input line 2
71.
))
(/opt/local/share/texmf-texlive-dist/tex/latex/beamer/beamerbaserequires.sty
Package: beamerbaserequires 2010/05/01  (rcs-revision efa082c6111d)

(/opt/local/share/texmf-texlive-dist/tex/latex/beamer/beamerbasecompatibility.s
ty
Package: beamerbasecompatibility 2010/07/12  (rcs-revision 6648c3177e4e)
) (/opt/local/share/texmf-texlive-dist/tex/latex/beamer/beamerbasefont.sty
Package: beamerbasefont 2010/05/10  (rcs-revision cd36e8a33c6b)

(/opt/local/share/texmf-texlive-dist/tex/latex/amsfonts/amssymb.sty
Package: amssymb 2009/06/22 v3.00

(/opt/local/share/texmf-texlive-dist/tex/latex/amsfonts/amsfonts.sty
Package: amsfonts 2009/06/22 v3.00 Basic AMSFonts support
\@emptytoks=\toks21
\symAMSa=\mathgroup4
\symAMSb=\mathgroup5
LaTeX Font Info:    Overwriting math alphabet `\mathfrak' in version `bold'
(Font)                  U/euf/m/n --> U/euf/b/n on input line 96.
)))
(/opt/local/share/texmf-texlive-dist/tex/latex/beamer/beamerbasetranslator.sty
Package: beamerbasetranslator 2010/06/11  (rcs-revision 85fd1cc7fc42)

(/opt/local/share/texmf-texlive-dist/tex/latex/beamer/translator/translator.sty
Package: translator 2010/06/12 ver 1.10

(/opt/local/share/texmf-texlive-dist/tex/latex/beamer/translator/translator-lan
guage-mappings.tex)))
(/opt/local/share/texmf-texlive-dist/tex/latex/beamer/beamerbasemisc.sty
Package: beamerbasemisc 2010/06/06  (rcs-revision bff0a9294b45)
)
(/opt/local/share/texmf-texlive-dist/tex/latex/beamer/beamerbasetwoscreens.sty
Package: beamerbasetwoscreens 2010/05/01  (rcs-revision efa082c6111d)
) (/opt/local/share/texmf-texlive-dist/tex/latex/beamer/beamerbaseoverlay.sty
Package: beamerbaseoverlay 2010/05/07  (rcs-revision 5584dad462a9)
\beamer@argscount=\count125
\beamer@lastskipcover=\skip44
\beamer@trivlistdepth=\count126
)
(/opt/local/share/texmf-texlive-dist/tex/latex/beamer/beamerbasetitle.sty
Package: beamerbasetitle 2010/06/12  (rcs-revision 717e481ca47a)
)
(/opt/local/share/texmf-texlive-dist/tex/latex/beamer/beamerbasesection.sty
Package: beamerbasesection 2010/06/17  (rcs-revision e0d9401bb743)
\c@lecture=\count127
\c@part=\count128
\c@section=\count129
\c@subsection=\count130
\c@subsubsection=\count131
)
(/opt/local/share/texmf-texlive-dist/tex/latex/beamer/beamerbaseframe.sty
Package: beamerbaseframe 2010/06/06  (rcs-revision bff0a9294b45)
\beamer@framebox=\box39
\beamer@frametitlebox=\box40
\beamer@zoombox=\box41
\beamer@zoomcount=\count132
\beamer@zoomframecount=\count133
\beamer@frametextheight=\dimen164
\c@subsectionslide=\count134
\beamer@frametopskip=\skip45
\beamer@framebottomskip=\skip46
\beamer@frametopskipautobreak=\skip47
\beamer@framebottomskipautobreak=\skip48
\beamer@envbody=\toks22
\c@framenumber=\count135
)
(/opt/local/share/texmf-texlive-dist/tex/latex/beamer/beamerbaseverbatim.sty
Package: beamerbaseverbatim 2010/05/01  (rcs-revision efa082c6111d)
\beamer@verbatimfileout=\write3
)
(/opt/local/share/texmf-texlive-dist/tex/latex/beamer/beamerbaseframesize.sty
Package: beamerbaseframesize 2010/06/27  (rcs-revision 6baa2d92e6f1)
\beamer@splitbox=\box42
\beamer@autobreakcount=\count136
\beamer@autobreaklastheight=\dimen165
\beamer@frametitletoks=\toks23
\beamer@framesubtitletoks=\toks24
)
(/opt/local/share/texmf-texlive-dist/tex/latex/beamer/beamerbaseframecomponents
.sty
Package: beamerbaseframecomponents 2010/07/12  (rcs-revision 09e82992d9b1)
\beamer@footins=\box43
) (/opt/local/share/texmf-texlive-dist/tex/latex/beamer/beamerbasecolor.sty
Package: beamerbasecolor 2010/06/06  (rcs-revision d1a9b48be06d)
) (/opt/local/share/texmf-texlive-dist/tex/latex/beamer/beamerbasenotes.sty
Package: beamerbasenotes 2010/05/01  (rcs-revision efa082c6111d)
\beamer@frameboxcopy=\box44
)
(/opt/local/share/texmf-texlive-dist/tex/latex/beamer/beamerbasetoc.sty
Package: beamerbasetoc 2010/06/11  (rcs-revision 242ecaa6783b)
)
(/opt/local/share/texmf-texlive-dist/tex/latex/beamer/beamerbasetemplates.sty
Package: beamerbasetemplates 2010/05/01  (rcs-revision efa082c6111d)
\beamer@sbttoks=\toks25

(/opt/local/share/texmf-texlive-dist/tex/latex/beamer/beamerbaseauxtemplates.st
y
Package: beamerbaseauxtemplates 2010/05/01  (rcs-revision efa082c6111d)
 (/opt/local/share/texmf-texlive-dist/tex/latex/beamer/beamerbaseboxes.sty
Package: beamerbaseboxes 2010/05/01  (rcs-revision efa082c6111d)
\bmb@box=\box45
\bmb@colorbox=\box46
\bmb@boxshadow=\box47
\bmb@boxshadowball=\box48
\bmb@boxshadowballlarge=\box49
\bmb@temp=\dimen166
\bmb@dima=\dimen167
\bmb@dimb=\dimen168
\bmb@prevheight=\dimen169
)
\beamer@blockheadheight=\dimen170
))
(/opt/local/share/texmf-texlive-dist/tex/latex/beamer/beamerbaselocalstructure.
sty
Package: beamerbaselocalstructure 2010/06/01  (rcs-revision 81f9e33f7cc2)
 (/opt/local/share/texmf-texlive-dist/tex/latex/tools/enumerate.sty
Package: enumerate 1999/03/05 v3.00 enumerate extensions (DPC)
\@enLab=\toks26
)
\c@figure=\count137
\c@table=\count138
\abovecaptionskip=\skip49
\belowcaptionskip=\skip50
)
(/opt/local/share/texmf-texlive-dist/tex/latex/beamer/beamerbasenavigation.sty
Package: beamerbasenavigation 2010/05/01  (rcs-revision efa082c6111d)
) (/opt/local/share/texmf-texlive-dist/tex/latex/beamer/beamerbasetheorems.sty
Package: beamerbasetheorems 2010/06/06  (rcs-revision 7e7cc5e53e9d)

(/opt/local/share/texmf-texlive-dist/tex/latex/amsmath/amsmath.sty
Package: amsmath 2000/07/18 v2.13 AMS math features
\@mathmargin=\skip51

For additional information on amsmath, use the `?' option.
(/opt/local/share/texmf-texlive-dist/tex/latex/amsmath/amstext.sty
Package: amstext 2000/06/29 v2.01

(/opt/local/share/texmf-texlive-dist/tex/latex/amsmath/amsgen.sty
File: amsgen.sty 1999/11/30 v2.0
\@emptytoks=\toks27
\ex@=\dimen171
))
(/opt/local/share/texmf-texlive-dist/tex/latex/amsmath/amsbsy.sty
Package: amsbsy 1999/11/29 v1.2d
\pmbraise@=\dimen172
)
(/opt/local/share/texmf-texlive-dist/tex/latex/amsmath/amsopn.sty
Package: amsopn 1999/12/14 v2.01 operator names
)
\inf@bad=\count139
LaTeX Info: Redefining \frac on input line 211.
\uproot@=\count140
\leftroot@=\count141
LaTeX Info: Redefining \overline on input line 307.
\classnum@=\count142
\DOTSCASE@=\count143
LaTeX Info: Redefining \ldots on input line 379.
LaTeX Info: Redefining \dots on input line 382.
LaTeX Info: Redefining \cdots on input line 467.
\Mathstrutbox@=\box50
\strutbox@=\box51
\big@size=\dimen173
LaTeX Font Info:    Redeclaring font encoding OML on input line 567.
LaTeX Font Info:    Redeclaring font encoding OMS on input line 568.
\macc@depth=\count144
\c@MaxMatrixCols=\count145
\dotsspace@=\muskip11
\c@parentequation=\count146
\dspbrk@lvl=\count147
\tag@help=\toks28
\row@=\count148
\column@=\count149
\maxfields@=\count150
\andhelp@=\toks29
\eqnshift@=\dimen174
\alignsep@=\dimen175
\tagshift@=\dimen176
\tagwidth@=\dimen177
\totwidth@=\dimen178
\lineht@=\dimen179
\@envbody=\toks30
\multlinegap=\skip52
\multlinetaggap=\skip53
\mathdisplay@stack=\toks31
LaTeX Info: Redefining \[ on input line 2666.
LaTeX Info: Redefining \] on input line 2667.
)
(/opt/local/share/texmf-texlive-dist/tex/latex/amscls/amsthm.sty
Package: amsthm 2004/08/06 v2.20
\thm@style=\toks32
\thm@bodyfont=\toks33
\thm@headfont=\toks34
\thm@notefont=\toks35
\thm@headpunct=\toks36
\thm@preskip=\skip54
\thm@postskip=\skip55
\thm@headsep=\skip56
\dth@everypar=\toks37
)
\c@theorem=\count151
)
(/opt/local/share/texmf-texlive-dist/tex/latex/beamer/beamerbasethemes.sty
Package: beamerbasethemes 2010/05/01  (rcs-revision efa082c6111d)
))
(/opt/local/share/texmf-texlive-dist/tex/latex/beamer/themes/theme/beamerthemed
efault.sty
Package: beamerthemedefault 2010/06/17  (rcs-revision d02a7cf4d8ae)

(/opt/local/share/texmf-texlive-dist/tex/latex/beamer/themes/font/beamerfontthe
medefault.sty
Package: beamerfontthemedefault 2010/06/17  (rcs-revision d02a7cf4d8ae)
)
(/opt/local/share/texmf-texlive-dist/tex/latex/beamer/themes/color/beamercolort
hemedefault.sty
Package: beamercolorthemedefault 2010/06/17  (rcs-revision d02a7cf4d8ae)
)
(/opt/local/share/texmf-texlive-dist/tex/latex/beamer/themes/inner/beamerinnert
hemedefault.sty
Package: beamerinnerthemedefault 2010/06/17  (rcs-revision d02a7cf4d8ae)
\beamer@dima=\dimen180
\beamer@dimb=\dimen181
)
(/opt/local/share/texmf-texlive-dist/tex/latex/beamer/themes/outer/beameroutert
hemedefault.sty
Package: beamerouterthemedefault 2010/06/17  (rcs-revision d02a7cf4d8ae)
)))
(/opt/local/share/texmf-texlive-dist/tex/latex/psnfss/palatino.sty
Package: palatino 2005/04/12 PSNFSS-v9.2a (SPQR) 
)
(/opt/local/share/texmf-texlive-dist/tex/latex/pdfsync/pdfsync.sty
Package: pdfsync 2008/01/26 v1.1
)
(/opt/local/share/texmf-texlive-dist/tex/generic/ulem/ulem.sty
\UL@box=\box52
\UL@hyphenbox=\box53
\UL@skip=\skip57
\UL@hook=\toks38
\UL@pe=\count152
\UL@pixel=\dimen182
\ULC@box=\box54
Package: ulem 2010/01/21
\ULdepth=\dimen183
)
(/opt/local/share/texmf-texlive-dist/tex/latex/minted/minted.sty
Package: minted 2010/01/27 v1.6 Yet another Pygments shim for LaTeX

(/opt/local/share/texmf-texlive-dist/tex/latex/fancyvrb/fancyvrb.sty
Package: fancyvrb 2008/02/07

Style option: `fancyvrb' v2.7a, with DG/SPQR fixes, and firstline=lastline fix 
<2008/02/07> (tvz)
\FV@CodeLineNo=\count153
\FV@InFile=\read1
\FV@TabBox=\box55
\c@FancyVerbLine=\count154
\FV@StepNumber=\count155
\FV@OutFile=\write4
)
(/opt/local/share/texmf-texlive-dist/tex/latex/float/float.sty
Package: float 2001/11/08 v1.3d Float enhancements (AL)
\c@float@type=\count156
\float@exts=\toks39
\float@box=\box56
\@float@everytoks=\toks40
\@floatcapt=\box57
)
(/opt/local/share/texmf-texlive-dist/tex/latex/base/ifthen.sty
Package: ifthen 2001/05/26 v1.1c Standard LaTeX ifthen package (DPC)
)
(/opt/local/share/texmf-texlive-dist/tex/latex/tools/calc.sty
Package: calc 2007/08/22 v4.3 Infix arithmetic (KKT,FJ)
\calc@Acount=\count157
\calc@Bcount=\count158
\calc@Adimen=\dimen184
\calc@Bdimen=\dimen185
\calc@Askip=\skip58
\calc@Bskip=\skip59
LaTeX Info: Redefining \setlength on input line 76.
LaTeX Info: Redefining \addtolength on input line 77.
\calc@Ccount=\count159
\calc@Cskip=\skip60
)
(/opt/local/share/texmf-texlive-dist/tex/latex/ifplatform/ifplatform.sty
Package: ifplatform 2009/09/10 v0.3a Testing for the operating system

(/opt/local/share/texmf-texlive-dist/tex/generic/oberdiek/catchfile.sty
Package: catchfile 2010/04/28 v1.5 Catches the contents of a file (HO)
)
runsystem(uname -s > "python-introduction-slides.w18")...executed.


(./python-introduction-slides.w18)
runsystem(rm -- "python-introduction-slides.w18")...executed.

)
\minted@bgbox=\box58
\minted@code=\write5
\@float@every@listing=\toks41
\c@listing=\count160
runsystem(which -s pygmentize && touch python-introduction-slides.aex)...execut
ed.

runsystem(rm python-introduction-slides.aex)...executed.

)
(/opt/local/share/texmf-texlive-dist/tex/latex/beamer/themes/theme/beamerthemeL
uebeck.sty
Package: beamerthemeLuebeck 2010/06/17  (rcs-revision d02a7cf4d8ae)

(/opt/local/share/texmf-texlive-dist/tex/latex/beamer/themes/outer/beameroutert
hemesplit.sty
Package: beamerouterthemesplit 2010/06/17  (rcs-revision d02a7cf4d8ae)
)
(/opt/local/share/texmf-texlive-dist/tex/latex/beamer/themes/inner/beamerinnert
hemerectangles.sty
Package: beamerinnerthemerectangles 2010/06/17  (rcs-revision d02a7cf4d8ae)
)
(/opt/local/share/texmf-texlive-dist/tex/latex/beamer/themes/color/beamercolort
hemewhale.sty
Package: beamercolorthemewhale 2010/06/17  (rcs-revision d02a7cf4d8ae)
)
(/opt/local/share/texmf-texlive-dist/tex/latex/beamer/themes/color/beamercolort
hemeorchid.sty
Package: beamercolorthemeorchid 2010/06/17  (rcs-revision d02a7cf4d8ae)
))
(/opt/local/share/texmf-texlive-dist/tex/latex/beamer/themes/color/beamercolort
hemelily.sty
Package: beamercolorthemelily 2010/06/17  (rcs-revision d02a7cf4d8ae)
)

Package hyperref Warning: Token not allowed in a PDF string (PDFDocEncoding):
(hyperref)                removing `\kernel@ifnextchar' on input line 26.

Package hyperref Info: Option `colorlinks' set `true' on input line 26.
runsystem(pygmentize -S borland -f latex > python-introduction-slides.pyg)...ex
ecuted.

(./python-introduction-slides.pyg)
No file python-introduction-slides.aux.
\openout1 = `python-introduction-slides.aux'.

LaTeX Font Info:    Checking defaults for OML/cmm/m/it on input line 45.
LaTeX Font Info:    ... okay on input line 45.
LaTeX Font Info:    Checking defaults for T1/cmr/m/n on input line 45.
LaTeX Font Info:    ... okay on input line 45.
LaTeX Font Info:    Checking defaults for OT1/cmr/m/n on input line 45.
LaTeX Font Info:    ... okay on input line 45.
LaTeX Font Info:    Checking defaults for OMS/cmsy/m/n on input line 45.
LaTeX Font Info:    ... okay on input line 45.
LaTeX Font Info:    Checking defaults for OMX/cmex/m/n on input line 45.
LaTeX Font Info:    ... okay on input line 45.
LaTeX Font Info:    Checking defaults for U/cmr/m/n on input line 45.
LaTeX Font Info:    ... okay on input line 45.
LaTeX Font Info:    Checking defaults for PD1/pdf/m/n on input line 45.
LaTeX Font Info:    ... okay on input line 45.
LaTeX Font Info:    Try loading font information for OT1+phv on input line 45.
(/opt/local/share/texmf-texlive-dist/tex/latex/psnfss/ot1phv.fd
File: ot1phv.fd 2001/06/04 scalable font definitions for OT1/phv.
)
*geometry* driver: auto-detecting
*geometry* detected driver: pdftex
*geometry* verbose mode - [ preamble ] result:
* driver: pdftex
* paper: custom
* layout: <same size as paper>
* layoutoffset:(h,v)=(0.0pt,0.0pt)
* modes: includehead includefoot 
* h-part:(L,W,R)=(15.0563pt, 334.08275pt, 15.0563pt)
* v-part:(T,H,B)=(0.0pt, 273.14662pt, 0.0pt)
* \paperwidth=364.19536pt
* \paperheight=273.14662pt
* \textwidth=334.08275pt
* \textheight=244.6939pt
* \oddsidemargin=-57.21368pt
* \evensidemargin=-57.21368pt
* \topmargin=-72.26999pt
* \headheight=14.22636pt
* \headsep=0.0pt
* \topskip=10.0pt
* \footskip=14.22636pt
* \marginparwidth=3.0pt
* \marginparsep=11.0pt
* \columnsep=10.0pt
* \skip\footins=9.0pt plus 4.0pt minus 2.0pt
* \hoffset=0.0pt
* \voffset=0.0pt
* \mag=1000
* \@twocolumnfalse
* \@twosidefalse
* \@mparswitchfalse
* \@reversemarginfalse
* (1in=72.27pt=25.4mm, 1cm=28.453pt)

(/opt/local/share/texmf-texlive-dist/tex/context/base/supp-pdf.mkii
[Loading MPS to PDF converter (version 2006.09.02).]
\scratchcounter=\count161
\scratchdimen=\dimen186
\scratchbox=\box59
\nofMPsegments=\count162
\nofMParguments=\count163
\everyMPshowfont=\toks42
\MPscratchCnt=\count164
\MPscratchDim=\dimen187
\MPnumerator=\count165
\everyMPtoPDFconversion=\toks43
) (/opt/local/share/texmf-texlive-dist/tex/latex/oberdiek/epstopdf-base.sty
Package: epstopdf-base 2010/02/09 v2.5 Base part for package epstopdf

(/opt/local/share/texmf-texlive-dist/tex/latex/oberdiek/grfext.sty
Package: grfext 2007/09/30 v1.0 Managing graphics extensions (HO)
)
Package grfext Info: Graphics extension search list:
(grfext)             [.png,.pdf,.jpg,.mps,.jpeg,.jbig2,.jb2,.PNG,.PDF,.JPG,.JPE
G,.JBIG2,.JB2,.eps]
(grfext)             \AppendGraphicsExtensions on input line 436.

(/opt/local/share/texmf-texlive-dist/tex/latex/latexconfig/epstopdf-sys.cfg
File: epstopdf-sys.cfg 2010/07/13 v1.3 Configuration of (r)epstopdf for TeX Liv
e
))
\AtBeginShipoutBox=\box60
Package hyperref Info: Link coloring ON on input line 45.

(/opt/local/share/texmf-texlive-dist/tex/latex/hyperref/nameref.sty
Package: nameref 2010/04/30 v2.40 Cross-referencing by name of section

(/opt/local/share/texmf-texlive-dist/tex/latex/oberdiek/refcount.sty
Package: refcount 2008/08/11 v3.1 Data extraction from references (HO)
)
(/opt/local/share/texmf-texlive-dist/tex/generic/oberdiek/gettitlestring.sty
Package: gettitlestring 2009/12/18 v1.3 Cleanup title references (HO)
)
\c@section@level=\count166
)
LaTeX Info: Redefining \ref on input line 45.
LaTeX Info: Redefining \pageref on input line 45.
LaTeX Info: Redefining \nameref on input line 45.
\@outlinefile=\write6
\openout6 = `python-introduction-slides.out'.

LaTeX Font Info:    Overwriting symbol font `operators' in version `normal'
(Font)                  OT1/cmr/m/n --> OT1/cmss/m/n on input line 45.
LaTeX Font Info:    Overwriting symbol font `operators' in version `bold'
(Font)                  OT1/cmr/bx/n --> OT1/cmss/bx/n on input line 45.
\symnumbers=\mathgroup6
\sympureletters=\mathgroup7
LaTeX Font Info:    Overwriting math alphabet `\mathrm' in version `normal'
(Font)                  OT1/cmss/m/n --> OT1/ppl/m/n on input line 45.
LaTeX Font Info:    Redeclaring math alphabet \mathbf on input line 45.
LaTeX Font Info:    Overwriting math alphabet `\mathbf' in version `normal'
(Font)                  OT1/cmr/bx/n --> OT1/phv/bx/n on input line 45.
LaTeX Font Info:    Overwriting math alphabet `\mathbf' in version `bold'
(Font)                  OT1/cmr/bx/n --> OT1/phv/bx/n on input line 45.
LaTeX Font Info:    Redeclaring math alphabet \mathsf on input line 45.
LaTeX Font Info:    Overwriting math alphabet `\mathsf' in version `normal'
(Font)                  OT1/cmss/m/n --> OT1/phv/m/n on input line 45.
LaTeX Font Info:    Overwriting math alphabet `\mathsf' in version `bold'
(Font)                  OT1/cmss/bx/n --> OT1/phv/m/n on input line 45.
LaTeX Font Info:    Redeclaring math alphabet \mathit on input line 45.
LaTeX Font Info:    Overwriting math alphabet `\mathit' in version `normal'
(Font)                  OT1/cmr/m/it --> OT1/phv/m/it on input line 45.
LaTeX Font Info:    Overwriting math alphabet `\mathit' in version `bold'
(Font)                  OT1/cmr/bx/it --> OT1/phv/m/it on input line 45.
LaTeX Font Info:    Redeclaring math alphabet \mathtt on input line 45.
LaTeX Font Info:    Overwriting math alphabet `\mathtt' in version `normal'
(Font)                  OT1/cmtt/m/n --> OT1/pcr/m/n on input line 45.
LaTeX Font Info:    Overwriting math alphabet `\mathtt' in version `bold'
(Font)                  OT1/cmtt/m/n --> OT1/pcr/m/n on input line 45.
LaTeX Font Info:    Overwriting symbol font `numbers' in version `bold'
(Font)                  OT1/phv/m/n --> OT1/phv/bx/n on input line 45.
LaTeX Font Info:    Overwriting symbol font `pureletters' in version `bold'
(Font)                  OT1/phv/m/it --> OT1/phv/bx/it on input line 45.
LaTeX Font Info:    Overwriting math alphabet `\mathrm' in version `bold'
(Font)                  OT1/cmss/bx/n --> OT1/ppl/bx/n on input line 45.
LaTeX Font Info:    Overwriting math alphabet `\mathbf' in version `bold'
(Font)                  OT1/phv/bx/n --> OT1/phv/bx/n on input line 45.
LaTeX Font Info:    Overwriting math alphabet `\mathsf' in version `bold'
(Font)                  OT1/phv/m/n --> OT1/phv/bx/n on input line 45.
LaTeX Font Info:    Overwriting math alphabet `\mathit' in version `bold'
(Font)                  OT1/phv/m/it --> OT1/phv/bx/it on input line 45.
LaTeX Font Info:    Overwriting math alphabet `\mathtt' in version `bold'
(Font)                  OT1/pcr/m/n --> OT1/pcr/bx/n on input line 45.

(/opt/local/share/texmf-texlive-dist/tex/latex/beamer/translator/dicts/translat
or-basic-dictionary/translator-basic-dictionary-English.dict
Dictionary: translator-basic-dictionary, Language: English 
)
(/opt/local/share/texmf-texlive-dist/tex/latex/beamer/translator/dicts/translat
or-bibliography-dictionary/translator-bibliography-dictionary-English.dict
Dictionary: translator-bibliography-dictionary, Language: English 
)
(/opt/local/share/texmf-texlive-dist/tex/latex/beamer/translator/dicts/translat
or-environment-dictionary/translator-environment-dictionary-English.dict
Dictionary: translator-environment-dictionary, Language: English 
)
(/opt/local/share/texmf-texlive-dist/tex/latex/beamer/translator/dicts/translat
or-months-dictionary/translator-months-dictionary-English.dict
Dictionary: translator-months-dictionary, Language: English 
)
(/opt/local/share/texmf-texlive-dist/tex/latex/beamer/translator/dicts/translat
or-numbers-dictionary/translator-numbers-dictionary-English.dict
Dictionary: translator-numbers-dictionary, Language: English 
)
(/opt/local/share/texmf-texlive-dist/tex/latex/beamer/translator/dicts/translat
or-theorem-dictionary/translator-theorem-dictionary-English.dict
Dictionary: translator-theorem-dictionary, Language: English 
)
Configuring pdfsync
\PDFSYNC@ut=\write7
\openout7 = `python-introduction-slides.pdfsync'.

\PDFSYNCf@li@=\count167
\PDFSYNC@rder=\count168
**** pdfsync.sty: Synchronizing at \everypar
\PDFSYNCeveryp@r=\toks44
**** pdfsync.sty: Synchronizing at \everymath
\PDFSYNCeverym@th=\toks45
**** pdfsync.sty: Synchronizing at \everyhbox
\PDFSYNCeveryhb@x=\toks46
**** pdfsync.sty: started

No file python-introduction-slides.nav.
[1

{/opt/local/var/db/texmf/fonts/map/pdftex/updmap/pdftex.map}]
\openout3 = `python-introduction-slides.vrb'.


(./python-introduction-slides.vrb) [2

]
<AlertSign.jpg, id=24, 211.0284pt x 184.2885pt>
File: AlertSign.jpg Graphic file (type jpg)
 <use AlertSign.jpg> [3

 <./AlertSign.jpg>]
LaTeX Font Info:    Font shape `OT1/phv/m/it' in size <10> not available
(Font)              Font shape `OT1/phv/m/sl' tried instead on input line 88.
LaTeX Font Info:    Font shape `OT1/phv/bx/it' in size <10> not available
(Font)              Font shape `OT1/phv/b/it' tried instead on input line 88.
LaTeX Font Info:    Font shape `OT1/phv/b/it' in size <10> not available
(Font)              Font shape `OT1/phv/b/sl' tried instead on input line 88.
 [4

]
LaTeX Font Info:    Font shape `OT1/phv/m/it' in size <8> not available
(Font)              Font shape `OT1/phv/m/sl' tried instead on input line 102.
LaTeX Font Info:    Font shape `OT1/phv/bx/it' in size <8> not available
(Font)              Font shape `OT1/phv/b/it' tried instead on input line 102.
LaTeX Font Info:    Font shape `OT1/phv/b/it' in size <8> not available
(Font)              Font shape `OT1/phv/b/sl' tried instead on input line 102.
 [5

] [6

] [7

] [8

]
LaTeX Font Info:    Font shape `OT1/phv/bx/n' in size <10> not available
(Font)              Font shape `OT1/phv/b/n' tried instead on input line 136.
 [9

]
<LinuxKernelMap.png, id=64, 1027.84pt x 770.88pt>
File: LinuxKernelMap.png Graphic file (type png)
 <use LinuxKernelMap.png>
[10

 <./LinuxKernelMap.png>] [11

]
<Brainstorm.jpg, id=77, 144.54pt x 103.8279pt>
File: Brainstorm.jpg Graphic file (type jpg)
 <use Brainstorm.jpg> [12

 <./Brainstorm.jpg>] <PythonLogo.png, id=83, 611.75027pt x 206.63113pt>
File: PythonLogo.png Graphic file (type png)

<use PythonLogo.png> [13

 <./PythonLogo.png>] [14

] [15

] [16

]
LaTeX Font Info:    Try loading font information for U+msa on input line 243.

(/opt/local/share/texmf-texlive-dist/tex/latex/amsfonts/umsa.fd
File: umsa.fd 2009/06/22 v3.00 AMS symbols A
)
LaTeX Font Info:    Try loading font information for U+msb on input line 243.

(/opt/local/share/texmf-texlive-dist/tex/latex/amsfonts/umsb.fd
File: umsb.fd 2009/06/22 v3.00 AMS symbols B
)
LaTeX Font Info:    Font shape `OT1/phv/m/it' in size <7> not available
(Font)              Font shape `OT1/phv/m/sl' tried instead on input line 243.
LaTeX Font Info:    Font shape `OT1/phv/m/it' in size <5> not available
(Font)              Font shape `OT1/phv/m/sl' tried instead on input line 243.
LaTeX Font Info:    Try loading font information for OT1+pcr on input line 243.


(/opt/local/share/texmf-texlive-dist/tex/latex/psnfss/ot1pcr.fd
File: ot1pcr.fd 2001/06/04 font definitions for OT1/pcr.
) [17

]
\openout3 = `python-introduction-slides.vrb'.


(./python-introduction-slides.vrb
\openout4 = `python-introduction-slides.pyg'.

runsystem(pygmentize -l python -f latex -F tokenmerge  -F gobble:n=0    -P math
escape  -P linenos -P "verboptions= ,numbersep=8pt,frame=lines,framesep=2mm" -o
 python-introduction-slides.out.pyg python-introduction-slides.pyg)...executed.

 (./python-introduction-slides.out.pyg
LaTeX Font Info:    Font shape `OT1/pcr/bx/n' in size <10> not available
(Font)              Font shape `OT1/pcr/b/n' tried instead on input line 2.
)
runsystem(rm python-introduction-slides.out.pyg)...executed.

runsystem(rm python-introduction-slides.pyg)...executed.

)
[18

]
LaTeX Font Info:    Font shape `OT1/phv/m/it' in size <6> not available
(Font)              Font shape `OT1/phv/m/sl' tried instead on input line 279.
 [19

]
\openout3 = `python-introduction-slides.vrb'.

 (./python-introduction-slides.vrb
\openout5 = `python-introduction-slides.pyg'.

runsystem(pygmentize -l python -f latex -F tokenmerge         -P "verboptions= 
" -o python-introduction-slides.out.pyg python-introduction-slides.pyg)...execu
ted.


(./python-introduction-slides.out.pyg)
runsystem(rm python-introduction-slides.out.pyg)...executed.

runsystem(rm python-introduction-slides.pyg)...executed.

) [20

]
\openout5 = `python-introduction-slides.pyg'.

runsystem(pygmentize -l python -f latex -F tokenmerge         -P "verboptions= 
" -o python-introduction-slides.out.pyg python-introduction-slides.pyg)...execu
ted.


(./python-introduction-slides.out.pyg)
runsystem(rm python-introduction-slides.out.pyg)...executed.

runsystem(rm python-introduction-slides.pyg)...executed.

 [21

]
\openout3 = `python-introduction-slides.vrb'.

 (./python-introduction-slides.vrb
\openout4 = `python-introduction-slides.pyg'.

runsystem(pygmentize -l python -f latex -F tokenmerge  -F gobble:n=0    -P math
escape  -P linenos -P "verboptions= ,numbersep=8pt,frame=lines,framesep=2mm" -o
 python-introduction-slides.out.pyg python-introduction-slides.pyg)...executed.


(./python-introduction-slides.out.pyg)
runsystem(rm python-introduction-slides.out.pyg)...executed.

runsystem(rm python-introduction-slides.pyg)...executed.

\openout4 = `python-introduction-slides.pyg'.

runsystem(pygmentize -l python -f latex -F tokenmerge  -F gobble:n=0    -P math
escape  -P linenos -P "verboptions= ,numbersep=8pt,frame=lines,framesep=2mm" -o
 python-introduction-slides.out.pyg python-introduction-slides.pyg)...executed.

 (./python-introduction-slides.out.pyg)
runsystem(rm python-introduction-slides.out.pyg)...executed.

runsystem(rm python-introduction-slides.pyg)...executed.

)
[22

] <KomodoEdit.png, id=140, 481.8pt x 136.51pt>
File: KomodoEdit.png Graphic file (type png)
 <use KomodoEdit.png> [23

 <./KomodoEdit.png>] [24

]
\openout3 = `python-introduction-slides.vrb'.

 (./python-introduction-slides.vrb
\openout4 = `python-introduction-slides.pyg'.

runsystem(pygmentize -l python -f latex -F tokenmerge  -F gobble:n=0    -P math
escape  -P linenos -P "verboptions= ,numbersep=8pt,frame=lines,framesep=2mm" -o
 python-introduction-slides.out.pyg python-introduction-slides.pyg)...executed.


(./python-introduction-slides.out.pyg)
runsystem(rm python-introduction-slides.out.pyg)...executed.

runsystem(rm python-introduction-slides.pyg)...executed.

) [25

]
\openout3 = `python-introduction-slides.vrb'.

 (./python-introduction-slides.vrb
\openout5 = `python-introduction-slides.pyg'.

runsystem(pygmentize -l python -f latex -F tokenmerge         -P "verboptions= 
" -o python-introduction-slides.out.pyg python-introduction-slides.pyg)...execu
ted.


(./python-introduction-slides.out.pyg
LaTeX Font Info:    Font shape `OT1/pcr/m/it' in size <10> not available
(Font)              Font shape `OT1/pcr/m/sl' tried instead on input line 2.
)
runsystem(rm python-introduction-slides.out.pyg)...executed.

runsystem(rm python-introduction-slides.pyg)...executed.

\openout5 = `python-introduction-slides.pyg'.

runsystem(pygmentize -l python -f latex -F tokenmerge         -P "verboptions= 
" -o python-introduction-slides.out.pyg python-introduction-slides.pyg)...execu
ted.

 (./python-introduction-slides.out.pyg)
runsystem(rm python-introduction-slides.out.pyg)...executed.

runsystem(rm python-introduction-slides.pyg)...executed.

)
[26

]
\openout3 = `python-introduction-slides.vrb'.

 (./python-introduction-slides.vrb
\openout5 = `python-introduction-slides.pyg'.

runsystem(pygmentize -l python -f latex -F tokenmerge         -P "verboptions= 
" -o python-introduction-slides.out.pyg python-introduction-slides.pyg)...execu
ted.

 (./python-introduction-slides.out.pyg)
runsystem(rm python-introduction-slides.out.pyg)...executed.

runsystem(rm python-introduction-slides.pyg)...executed.

\openout5 = `python-introduction-slides.pyg'.

runsystem(pygmentize -l python -f latex -F tokenmerge         -P "verboptions= 
" -o python-introduction-slides.out.pyg python-introduction-slides.pyg)...execu
ted.


(./python-introduction-slides.out.pyg)
runsystem(rm python-introduction-slides.out.pyg)...executed.

runsystem(rm python-introduction-slides.pyg)...executed.

\openout5 = `python-introduction-slides.pyg'.

runsystem(pygmentize -l python -f latex -F tokenmerge         -P "verboptions= 
" -o python-introduction-slides.out.pyg python-introduction-slides.pyg)...execu
ted.

 (./python-introduction-slides.out.pyg)
runsystem(rm python-introduction-slides.out.pyg)...executed.

runsystem(rm python-introduction-slides.pyg)...executed.

\openout5 = `python-introduction-slides.pyg'.

runsystem(pygmentize -l python -f latex -F tokenmerge         -P "verboptions= 
" -o python-introduction-slides.out.pyg python-introduction-slides.pyg)...execu
ted.


(./python-introduction-slides.out.pyg)
runsystem(rm python-introduction-slides.out.pyg)...executed.

runsystem(rm python-introduction-slides.pyg)...executed.

) [27

]
\openout3 = `python-introduction-slides.vrb'.

 (./python-introduction-slides.vrb
\openout4 = `python-introduction-slides.pyg'.

runsystem(pygmentize -l python -f latex -F tokenmerge  -F gobble:n=0    -P math
escape  -P linenos -P "verboptions= ,numbersep=8pt,frame=lines,framesep=2mm" -o
 python-introduction-slides.out.pyg python-introduction-slides.pyg)...executed.


(./python-introduction-slides.out.pyg)
runsystem(rm python-introduction-slides.out.pyg)...executed.

runsystem(rm python-introduction-slides.pyg)...executed.

) [28

]
\openout3 = `python-introduction-slides.vrb'.

 (./python-introduction-slides.vrb
LaTeX Font Info:    Try loading font information for OMS+pcr on input line 4.

(/opt/local/share/texmf-texlive-dist/tex/latex/psnfss/omspcr.fd
File: omspcr.fd 
)
LaTeX Font Info:    Font shape `OMS/pcr/m/n' in size <8> not available
(Font)              Font shape `OMS/cmsy/m/n' tried instead on input line 4.
\openout4 = `python-introduction-slides.pyg'.

runsystem(pygmentize -l python -f latex -F tokenmerge  -F gobble:n=0    -P math
escape  -P linenos -P "verboptions= ,numbersep=8pt,frame=lines,framesep=2mm" -o
 python-introduction-slides.out.pyg python-introduction-slides.pyg)...executed.


(./python-introduction-slides.out.pyg
LaTeX Font Info:    Font shape `OT1/pcr/bx/n' in size <8> not available
(Font)              Font shape `OT1/pcr/b/n' tried instead on input line 2.
)
runsystem(rm python-introduction-slides.out.pyg)...executed.

runsystem(rm python-introduction-slides.pyg)...executed.

) [29

]
\openout3 = `python-introduction-slides.vrb'.

 (./python-introduction-slides.vrb
\openout4 = `python-introduction-slides.pyg'.

runsystem(pygmentize -l python -f latex -F tokenmerge  -F gobble:n=0    -P math
escape  -P linenos -P "verboptions= ,numbersep=8pt,frame=lines,framesep=2mm" -o
 python-introduction-slides.out.pyg python-introduction-slides.pyg)...executed.


(./python-introduction-slides.out.pyg)
runsystem(rm python-introduction-slides.out.pyg)...executed.

runsystem(rm python-introduction-slides.pyg)...executed.

\openout4 = `python-introduction-slides.pyg'.

runsystem(pygmentize -l python -f latex -F tokenmerge  -F gobble:n=0    -P math
escape  -P linenos -P "verboptions= ,numbersep=8pt,frame=lines,framesep=2mm" -o
 python-introduction-slides.out.pyg python-introduction-slides.pyg)...executed.

 (./python-introduction-slides.out.pyg)
runsystem(rm python-introduction-slides.out.pyg)...executed.

runsystem(rm python-introduction-slides.pyg)...executed.

)
[30

]
\openout3 = `python-introduction-slides.vrb'.

 (./python-introduction-slides.vrb
\openout4 = `python-introduction-slides.pyg'.

runsystem(pygmentize -l python -f latex -F tokenmerge  -F gobble:n=0    -P math
escape  -P linenos -P "verboptions= ,numbersep=8pt,frame=lines,framesep=2mm" -o
 python-introduction-slides.out.pyg python-introduction-slides.pyg)...executed.

 (./python-introduction-slides.out.pyg)
runsystem(rm python-introduction-slides.out.pyg)...executed.

runsystem(rm python-introduction-slides.pyg)...executed.

\openout4 = `python-introduction-slides.pyg'.

runsystem(pygmentize -l python -f latex -F tokenmerge  -F gobble:n=0    -P math
escape  -P linenos -P "verboptions= ,numbersep=8pt,frame=lines,framesep=2mm" -o
 python-introduction-slides.out.pyg python-introduction-slides.pyg)...executed.


(./python-introduction-slides.out.pyg)
runsystem(rm python-introduction-slides.out.pyg)...executed.

runsystem(rm python-introduction-slides.pyg)...executed.

) [31

]
\openout3 = `python-introduction-slides.vrb'.

 (./python-introduction-slides.vrb
\openout4 = `python-introduction-slides.pyg'.

runsystem(pygmentize -l python -f latex -F tokenmerge  -F gobble:n=0    -P math
escape  -P linenos -P "verboptions= ,numbersep=8pt,frame=lines,framesep=2mm" -o
 python-introduction-slides.out.pyg python-introduction-slides.pyg)...executed.


(./python-introduction-slides.out.pyg)
runsystem(rm python-introduction-slides.out.pyg)...executed.

runsystem(rm python-introduction-slides.pyg)...executed.

) [32

]
\openout3 = `python-introduction-slides.vrb'.

 (./python-introduction-slides.vrb
LaTeX Font Info:    Font shape `OT1/phv/bx/n' in size <8> not available
(Font)              Font shape `OT1/phv/b/n' tried instead on input line 4.
\openout4 = `python-introduction-slides.pyg'.

runsystem(pygmentize -l python -f latex -F tokenmerge  -F gobble:n=0    -P math
escape  -P linenos -P "verboptions= ,numbersep=8pt,frame=lines,framesep=2mm" -o
 python-introduction-slides.out.pyg python-introduction-slides.pyg)...executed.


(./python-introduction-slides.out.pyg
LaTeX Font Info:    Font shape `OT1/pcr/m/it' in size <8> not available
(Font)              Font shape `OT1/pcr/m/sl' tried instead on input line 9.
)
runsystem(rm python-introduction-slides.out.pyg)...executed.

runsystem(rm python-introduction-slides.pyg)...executed.

) [33

]
\openout3 = `python-introduction-slides.vrb'.

 (./python-introduction-slides.vrb
\openout4 = `python-introduction-slides.pyg'.

runsystem(pygmentize -l python -f latex -F tokenmerge  -F gobble:n=0    -P math
escape  -P linenos -P "verboptions= ,numbersep=8pt,frame=lines,framesep=2mm" -o
 python-introduction-slides.out.pyg python-introduction-slides.pyg)...executed.


(./python-introduction-slides.out.pyg)
runsystem(rm python-introduction-slides.out.pyg)...executed.

runsystem(rm python-introduction-slides.pyg)...executed.

) [34

]
\openout3 = `python-introduction-slides.vrb'.

 (./python-introduction-slides.vrb
\openout4 = `python-introduction-slides.pyg'.

runsystem(pygmentize -l python -f latex -F tokenmerge  -F gobble:n=0    -P math
escape  -P linenos -P "verboptions= ,numbersep=8pt,frame=lines,framesep=2mm" -o
 python-introduction-slides.out.pyg python-introduction-slides.pyg)...executed.


(./python-introduction-slides.out.pyg)
runsystem(rm python-introduction-slides.out.pyg)...executed.

runsystem(rm python-introduction-slides.pyg)...executed.

) [35

]
\openout3 = `python-introduction-slides.vrb'.

 (./python-introduction-slides.vrb
LaTeX Font Info:    Font shape `OT1/phv/bx/n' in size <12> not available
(Font)              Font shape `OT1/phv/b/n' tried instead on input line 6.
LaTeX Font Info:    Font shape `OT1/pcr/bx/n' in size <12> not available
(Font)              Font shape `OT1/pcr/b/n' tried instead on input line 6.
) [36

]
\openout3 = `python-introduction-slides.vrb'.

 (./python-introduction-slides.vrb
\openout4 = `python-introduction-slides.pyg'.

runsystem(pygmentize -l python -f latex -F tokenmerge  -F gobble:n=0    -P math
escape  -P linenos -P "verboptions= ,numbersep=8pt,frame=lines,framesep=2mm" -o
 python-introduction-slides.out.pyg python-introduction-slides.pyg)...executed.

 (./python-introduction-slides.out.pyg)
runsystem(rm python-introduction-slides.out.pyg)...executed.

runsystem(rm python-introduction-slides.pyg)...executed.

\openout4 = `python-introduction-slides.pyg'.

runsystem(pygmentize -l python -f latex -F tokenmerge  -F gobble:n=0    -P math
escape  -P linenos -P "verboptions= ,numbersep=8pt,frame=lines,framesep=2mm" -o
 python-introduction-slides.out.pyg python-introduction-slides.pyg)...executed.


(./python-introduction-slides.out.pyg)
runsystem(rm python-introduction-slides.out.pyg)...executed.

runsystem(rm python-introduction-slides.pyg)...executed.

) [37

]
\openout5 = `python-introduction-slides.pyg'.

runsystem(pygmentize -l python -f latex -F tokenmerge         -P "verboptions= 
" -o python-introduction-slides.out.pyg python-introduction-slides.pyg)...execu
ted.


(./python-introduction-slides.out.pyg)
runsystem(rm python-introduction-slides.out.pyg)...executed.

runsystem(rm python-introduction-slides.pyg)...executed.

 [38

]
\openout3 = `python-introduction-slides.vrb'.

 (./python-introduction-slides.vrb
\openout4 = `python-introduction-slides.pyg'.

runsystem(pygmentize -l python -f latex -F tokenmerge  -F gobble:n=0    -P math
escape  -P linenos -P "verboptions= ,numbersep=8pt,frame=lines,framesep=2mm" -o
 python-introduction-slides.out.pyg python-introduction-slides.pyg)...executed.


(./python-introduction-slides.out.pyg)
runsystem(rm python-introduction-slides.out.pyg)...executed.

runsystem(rm python-introduction-slides.pyg)...executed.

) [39

] [40

]
\openout3 = `python-introduction-slides.vrb'.


(./python-introduction-slides.vrb
\openout4 = `python-introduction-slides.pyg'.

runsystem(pygmentize -l python -f latex -F tokenmerge  -F gobble:n=0    -P math
escape  -P linenos -P "verboptions= ,numbersep=8pt,frame=lines,framesep=2mm" -o
 python-introduction-slides.out.pyg python-introduction-slides.pyg)...executed.

 (./python-introduction-slides.out.pyg)
runsystem(rm python-introduction-slides.out.pyg)...executed.

runsystem(rm python-introduction-slides.pyg)...executed.

)
[41

]
\openout3 = `python-introduction-slides.vrb'.

 (./python-introduction-slides.vrb
\openout4 = `python-introduction-slides.pyg'.

runsystem(pygmentize -l python -f latex -F tokenmerge  -F gobble:n=0    -P math
escape  -P linenos -P "verboptions= ,numbersep=8pt,frame=lines,framesep=2mm" -o
 python-introduction-slides.out.pyg python-introduction-slides.pyg)...executed.

 (./python-introduction-slides.out.pyg)
runsystem(rm python-introduction-slides.out.pyg)...executed.

runsystem(rm python-introduction-slides.pyg)...executed.

\openout4 = `python-introduction-slides.pyg'.

runsystem(pygmentize -l python -f latex -F tokenmerge  -F gobble:n=0    -P math
escape  -P linenos -P "verboptions= ,numbersep=8pt,frame=lines,framesep=2mm" -o
 python-introduction-slides.out.pyg python-introduction-slides.pyg)...executed.


(./python-introduction-slides.out.pyg)
runsystem(rm python-introduction-slides.out.pyg)...executed.

runsystem(rm python-introduction-slides.pyg)...executed.

) [42

]
\openout3 = `python-introduction-slides.vrb'.

 (./python-introduction-slides.vrb
\openout4 = `python-introduction-slides.pyg'.

runsystem(pygmentize -l python -f latex -F tokenmerge  -F gobble:n=0    -P math
escape  -P linenos -P "verboptions= ,numbersep=8pt,frame=lines,framesep=2mm" -o
 python-introduction-slides.out.pyg python-introduction-slides.pyg)...executed.


(./python-introduction-slides.out.pyg)
runsystem(rm python-introduction-slides.out.pyg)...executed.

runsystem(rm python-introduction-slides.pyg)...executed.

) [43

]
\openout3 = `python-introduction-slides.vrb'.

 (./python-introduction-slides.vrb
\openout4 = `python-introduction-slides.pyg'.

runsystem(pygmentize -l python -f latex -F tokenmerge  -F gobble:n=0    -P math
escape  -P linenos -P "verboptions= ,numbersep=8pt,frame=lines,framesep=2mm" -o
 python-introduction-slides.out.pyg python-introduction-slides.pyg)...executed.


(./python-introduction-slides.out.pyg)
runsystem(rm python-introduction-slides.out.pyg)...executed.

runsystem(rm python-introduction-slides.pyg)...executed.

\openout5 = `python-introduction-slides.pyg'.

runsystem(pygmentize -l python -f latex -F tokenmerge         -P "verboptions= 
" -o python-introduction-slides.out.pyg python-introduction-slides.pyg)...execu
ted.

 (./python-introduction-slides.out.pyg)
runsystem(rm python-introduction-slides.out.pyg)...executed.

runsystem(rm python-introduction-slides.pyg)...executed.

)
[44

]
\openout3 = `python-introduction-slides.vrb'.

 (./python-introduction-slides.vrb
\openout5 = `python-introduction-slides.pyg'.

runsystem(pygmentize -l python -f latex -F tokenmerge         -P "verboptions= 
" -o python-introduction-slides.out.pyg python-introduction-slides.pyg)...execu
ted.

 (./python-introduction-slides.out.pyg)
runsystem(rm python-introduction-slides.out.pyg)...executed.

runsystem(rm python-introduction-slides.pyg)...executed.

\openout5 = `python-introduction-slides.pyg'.

runsystem(pygmentize -l python -f latex -F tokenmerge         -P "verboptions= 
" -o python-introduction-slides.out.pyg python-introduction-slides.pyg)...execu
ted.


(./python-introduction-slides.out.pyg)
runsystem(rm python-introduction-slides.out.pyg)...executed.

runsystem(rm python-introduction-slides.pyg)...executed.

) [45

]
\openout3 = `python-introduction-slides.vrb'.

 (./python-introduction-slides.vrb
\openout4 = `python-introduction-slides.pyg'.

runsystem(pygmentize -l python -f latex -F tokenmerge  -F gobble:n=0    -P math
escape  -P linenos -P "verboptions= ,numbersep=8pt,frame=lines,framesep=2mm" -o
 python-introduction-slides.out.pyg python-introduction-slides.pyg)...executed.


(./python-introduction-slides.out.pyg)
runsystem(rm python-introduction-slides.out.pyg)...executed.

runsystem(rm python-introduction-slides.pyg)...executed.

) [46

]
\openout5 = `python-introduction-slides.pyg'.

runsystem(pygmentize -l python -f latex -F tokenmerge         -P "verboptions= 
" -o python-introduction-slides.out.pyg python-introduction-slides.pyg)...execu
ted.


(./python-introduction-slides.out.pyg)
runsystem(rm python-introduction-slides.out.pyg)...executed.

runsystem(rm python-introduction-slides.pyg)...executed.

\openout5 = `python-introduction-slides.pyg'.

runsystem(pygmentize -l python -f latex -F tokenmerge         -P "verboptions= 
" -o python-introduction-slides.out.pyg python-introduction-slides.pyg)...execu
ted.

 (./python-introduction-slides.out.pyg)
runsystem(rm python-introduction-slides.out.pyg)...executed.

runsystem(rm python-introduction-slides.pyg)...executed.


[47

]
\openout3 = `python-introduction-slides.vrb'.

 (./python-introduction-slides.vrb
\openout4 = `python-introduction-slides.pyg'.

runsystem(pygmentize -l python -f latex -F tokenmerge  -F gobble:n=0    -P math
escape  -P linenos -P "verboptions= ,numbersep=8pt,frame=lines,framesep=2mm" -o
 python-introduction-slides.out.pyg python-introduction-slides.pyg)...executed.

 (./python-introduction-slides.out.pyg)
runsystem(rm python-introduction-slides.out.pyg)...executed.

runsystem(rm python-introduction-slides.pyg)...executed.

)
[48

]
\openout3 = `python-introduction-slides.vrb'.

 (./python-introduction-slides.vrb
\openout4 = `python-introduction-slides.pyg'.

runsystem(pygmentize -l python -f latex -F tokenmerge  -F gobble:n=0    -P math
escape  -P linenos -P "verboptions= ,numbersep=8pt,frame=lines,framesep=2mm" -o
 python-introduction-slides.out.pyg python-introduction-slides.pyg)...executed.

 (./python-introduction-slides.out.pyg)
runsystem(rm python-introduction-slides.out.pyg)...executed.

runsystem(rm python-introduction-slides.pyg)...executed.

)
[49

] (./python-introduction-slides.vrb
\openout4 = `python-introduction-slides.pyg'.

runsystem(pygmentize -l python -f latex -F tokenmerge  -F gobble:n=0    -P math
escape  -P linenos -P "verboptions= ,numbersep=8pt,frame=lines,framesep=2mm" -o
 python-introduction-slides.out.pyg python-introduction-slides.pyg)...executed.

 (./python-introduction-slides.out.pyg)
runsystem(rm python-introduction-slides.out.pyg)...executed.

runsystem(rm python-introduction-slides.pyg)...executed.

)
[50

]
\openout3 = `python-introduction-slides.vrb'.

 (./python-introduction-slides.vrb
\openout4 = `python-introduction-slides.pyg'.

runsystem(pygmentize -l python -f latex -F tokenmerge  -F gobble:n=0    -P math
escape  -P linenos -P "verboptions= ,numbersep=8pt,frame=lines,framesep=2mm" -o
 python-introduction-slides.out.pyg python-introduction-slides.pyg)...executed.

 (./python-introduction-slides.out.pyg)
runsystem(rm python-introduction-slides.out.pyg)...executed.

runsystem(rm python-introduction-slides.pyg)...executed.

\openout4 = `python-introduction-slides.pyg'.

runsystem(pygmentize -l python -f latex -F tokenmerge  -F gobble:n=0    -P math
escape  -P linenos -P "verboptions= ,numbersep=8pt,frame=lines,framesep=2mm" -o
 python-introduction-slides.out.pyg python-introduction-slides.pyg)...executed.


(./python-introduction-slides.out.pyg)
runsystem(rm python-introduction-slides.out.pyg)...executed.

runsystem(rm python-introduction-slides.pyg)...executed.

) [51

]
\openout3 = `python-introduction-slides.vrb'.

 (./python-introduction-slides.vrb
\openout4 = `python-introduction-slides.pyg'.

runsystem(pygmentize -l python -f latex -F tokenmerge  -F gobble:n=0    -P math
escape  -P linenos -P "verboptions= ,numbersep=8pt,frame=lines,framesep=2mm" -o
 python-introduction-slides.out.pyg python-introduction-slides.pyg)...executed.


(./python-introduction-slides.out.pyg)
runsystem(rm python-introduction-slides.out.pyg)...executed.

runsystem(rm python-introduction-slides.pyg)...executed.

) [52

]
LaTeX Font Info:    Font shape `OT1/phv/m/it' in size <9> not available
(Font)              Font shape `OT1/phv/m/sl' tried instead on input line 873.
 [53

] [54

] [55

] [56

] [57

]
<ProgrammingLanguagesPoster-AnnotatedCropped.png, id=338, 1440.38126pt x 527.97
25pt>
File: ProgrammingLanguagesPoster-AnnotatedCropped.png Graphic file (type png)
 <use ProgrammingLanguagesPoster-AnnotatedCropped.png> [58

 <./ProgrammingLanguagesPoster-AnnotatedCropped.png (PNG copy)>] [59

]
\tf@nav=\write8
\openout8 = `python-introduction-slides.nav'.

\tf@toc=\write9
\openout9 = `python-introduction-slides.toc'.

\tf@snm=\write10
\openout10 = `python-introduction-slides.snm'.

Package atveryend Info: Empty hook `BeforeClearDocument' on input line 945.
Package atveryend Info: Empty hook `AfterLastShipout' on input line 945.

(./python-introduction-slides.aux)
Package atveryend Info: Executing hook `AtVeryEndDocument' on input line 945.


Package rerunfilecheck Warning: File `python-introduction-slides.out' has chang
ed.
(rerunfilecheck)                Rerun to get outlines right
(rerunfilecheck)                or use package `bookmark'.

Package rerunfilecheck Info: Checksums for `python-introduction-slides.out':
(rerunfilecheck)             Before: <no file>
(rerunfilecheck)             After:  D41D8CD98F00B204E9800998ECF8427E;0.
 ) 
Here is how much of TeX's memory you used:
 15012 strings out of 495074
 271349 string characters out of 3182081
 353663 words of memory out of 3000000
 17447 multiletter control sequences out of 15000+200000
 44997 words of font info for 95 fonts, out of 3000000 for 9000
 14 hyphenation exceptions out of 8191
 48i,23n,51p,484b,815s stack positions out of 5000i,500n,10000p,200000b,50000s
{/opt/local/share/texmf-texlive-dist/fonts/enc/dvips/base/8r.enc}</opt/local/
share/texmf-texlive-dist/fonts/type1/public/amsfonts/cm/cmmi10.pfb></opt/local/
share/texmf-texlive-dist/fonts/type1/public/amsfonts/cm/cmsy8.pfb></opt/local/s
hare/texmf-texlive-dist/fonts/type1/public/amsfonts/cm/cmsy9.pfb></opt/local/sh
are/texmf-texlive-dist/fonts/type1/urw/courier/ucrb8a.pfb></opt/local/share/tex
mf-texlive-dist/fonts/type1/urw/courier/ucrr8a.pfb></opt/local/share/texmf-texl
ive-dist/fonts/type1/urw/courier/ucrro8a.pfb></opt/local/share/texmf-texlive-di
st/fonts/type1/urw/helvetic/uhvb8a.pfb></opt/local/share/texmf-texlive-dist/fon
ts/type1/urw/helvetic/uhvbo8a.pfb></opt/local/share/texmf-texlive-dist/fonts/ty
pe1/urw/helvetic/uhvr8a.pfb></opt/local/share/texmf-texlive-dist/fonts/type1/ur
w/helvetic/uhvro8a.pfb>
Output written on python-introduction-slides.pdf (59 pages, 787809 bytes).
PDF statistics:
 415 PDF objects out of 1000 (max. 8388607)
 328 compressed objects within 4 object streams
 119 named destinations out of 1000 (max. 500000)
 63 words of extra memory for PDF output out of 10000 (max. 10000000)

